246:src/marketModules/conditionalTokens.lua
0 0 0 0 0 0 0 0 0 0 0 0 0 0 0 87 87 87 87 87 87 86 86 0 0 0 0 0 0 0 0 0 0 0 0 0 0 0 0 0 0 0 0 0 0 0 0 0 0 0 0 0 0 0 0 0 0 86 0 0 0 0 0 0 0 0 0 0 0 0 0 0 0 171 171 171 171 171 171 171 171 171 0 171 535 365 0 0 170 0 170 340 0 95 28 67 14 0 0 53 0 170 0 170 86 0 0 0 0 0 0 0 86 28 0 28 82 54 0 0 27 0 14 86 0 0 0 0 0 0 0 0 86 0 0 0 0 0 0 0 0 0 0 0 0 0 0 0 0 0 0 0 0 0 86 0 0 0 0 0 86 0 0 0 0 0 0 0 0 0 0 0 0 0 0 0 86 0 0 0 0 0 86 0 0 0 0 0 0 0 0 0 0 0 0 0 0 0 0 0 0 0 0 0 0 0 0 86 0 0 0 0 0 0 0 0 86 0 0 0 0 0 0 0 0 0 0 0 0 0 0 0 0 0 0 0 0 0 0 0 0 0 0 86 0 86 
77:src/marketModules/conditionalTokensNotices.lua
0 0 0 0 0 0 0 88 88 0 88 0 0 0 0 0 0 88 2 1 1 1 0 88 0 0 0 0 0 0 0 88 15 15 15 15 15 15 0 0 75 0 60 1 0 15 0 15 88 0 0 0 0 0 0 88 2 1 1 1 0 88 0 0 0 0 0 0 88 2 1 1 1 0 88 0 88 
45:src/marketModules/conditionalTokensValidation.lua
0 0 0 0 0 0 0 87 87 87 0 0 0 0 6 5 4 2 88 0 0 0 0 4 3 3 2 1 88 0 0 0 87 6 88 0 0 0 0 87 5 4 88 0 87 
111:src/marketModules/constants.lua
0 0 0 0 0 0 0 86 86 0 86 86 86 86 86 86 86 86 86 86 86 86 86 86 86 86 86 86 86 86 86 86 86 0 86 86 86 86 86 86 86 86 86 86 86 86 86 86 0 86 86 86 86 86 86 86 86 86 86 86 86 86 86 86 0 86 86 86 0 86 0 86 86 86 86 86 86 86 86 86 86 86 86 86 86 86 86 86 86 86 86 86 86 86 86 86 86 86 86 86 86 86 86 86 86 86 86 86 86 0 86 
444:src/marketModules/cpmm.lua
0 0 0 0 0 0 0 0 0 0 0 0 0 0 0 86 86 86 86 86 86 0 86 86 86 86 0 0 0 0 0 0 0 0 0 0 0 0 0 0 0 0 0 0 0 0 0 0 0 86 109 109 109 109 109 109 109 0 218 109 109 109 0 109 0 218 218 109 109 109 109 0 109 109 109 109 109 109 109 0 218 218 0 81 58 23 11 12 12 0 0 0 109 0 109 86 0 0 0 0 0 0 0 0 86 29 28 28 28 0 28 28 0 28 28 84 56 56 28 0 0 0 84 56 56 56 0 0 0 28 0 0 0 0 0 0 0 0 0 0 0 0 0 0 0 0 0 0 0 0 0 0 0 28 0 14 0 12 12 36 24 0 0 0 0 0 12 0 0 0 36 24 0 0 12 86 0 0 0 0 0 0 86 0 0 0 0 0 0 0 0 0 0 0 0 0 0 0 0 0 0 0 0 0 86 0 0 0 0 0 86 0 0 0 0 0 0 0 0 0 0 0 0 0 0 0 0 0 86 0 0 0 0 0 86 0 0 0 0 0 0 0 0 0 0 0 0 0 0 0 0 0 0 86 0 0 0 86 0 0 0 0 0 0 0 0 0 0 0 0 0 0 0 0 86 0 0 0 0 0 0 0 0 0 86 0 0 0 0 0 0 0 0 0 0 0 0 86 0 0 0 0 0 0 0 86 0 0 0 0 0 0 0 0 0 0 0 0 0 0 0 0 0 0 0 0 0 0 0 0 0 86 0 0 0 86 0 86 0 0 0 0 86 0 0 0 0 0 0 86 0 0 0 0 0 86 0 0 0 0 0 0 0 86 0 0 0 0 0 0 0 86 14 0 0 14 14 0 14 0 0 0 100 0 0 86 14 14 86 0 0 0 86 0 0 86 0 0 0 86 0 0 86 0 0 0 0 0 86 0 0 86 0 0 0 0 0 0 86 0 0 0 86 0 0 0 0 0 86 0 0 86 0 0 0 0 0 86 0 0 0 86 0 86 
128:src/marketModules/cpmmHelpers.lua
0 0 0 0 0 0 0 86 0 0 86 0 0 0 0 0 86 0 0 0 0 86 0 0 0 0 86 0 0 0 0 0 86 0 0 0 0 0 0 0 86 0 0 0 0 0 0 0 0 0 0 0 0 0 0 0 0 0 0 0 0 0 0 0 0 0 0 0 0 0 0 0 0 0 0 0 0 0 0 0 0 0 0 0 0 0 0 0 0 86 0 0 0 0 0 0 86 0 0 0 0 0 0 0 0 0 0 0 0 0 0 0 0 86 0 0 0 86 0 11 33 22 0 11 11 86 0 86 
142:src/marketModules/cpmmNotices.lua
0 0 0 0 0 0 0 0 107 0 107 0 0 0 0 0 0 107 66 33 33 33 33 0 107 0 0 0 0 0 0 0 107 42 21 21 21 21 21 0 107 0 0 0 0 0 0 0 0 0 0 107 42 21 21 21 21 21 21 21 0 107 0 0 0 0 0 0 0 0 0 107 36 18 18 18 18 18 18 0 107 0 0 0 0 0 107 0 0 0 0 0 107 0 0 0 0 0 107 32 16 16 0 107 0 0 0 0 0 0 107 30 15 15 15 15 0 107 0 0 0 0 0 107 28 14 14 0 107 0 0 0 0 0 107 28 14 14 0 107 0 107 
94:src/marketModules/cpmmValidation.lua
0 0 0 0 0 0 0 109 109 109 109 109 0 0 0 109 66 132 0 0 0 109 42 124 0 0 0 0 109 46 27 12 119 0 0 0 0 109 23 14 11 118 0 0 0 0 109 5 3 110 0 0 0 0 109 4 2 110 0 0 0 0 109 0 0 109 0 0 0 0 109 0 0 0 0 109 0 0 0 0 109 0 0 109 0 0 0 0 109 0 0 109 0 109 
642:src/marketModules/market.lua
0 0 0 0 0 0 0 0 0 0 0 0 0 0 0 86 86 86 0 86 86 86 86 86 86 86 86 86 0 0 0 0 0 0 0 0 0 0 0 0 0 0 0 0 0 0 0 0 0 0 0 0 0 0 86 0 0 0 0 0 0 0 0 0 0 0 0 0 0 0 0 0 0 0 0 109 218 109 109 109 109 109 109 109 109 109 109 109 0 218 109 109 109 109 109 109 109 0 218 0 0 0 0 0 0 0 0 109 0 109 86 0 0 0 0 86 0 0 0 0 0 0 0 0 0 0 0 0 0 0 0 0 0 0 0 0 0 0 0 0 86 0 0 0 0 0 0 0 0 0 0 0 0 0 0 0 0 0 0 0 0 0 0 0 0 0 86 0 0 0 0 0 0 0 0 0 0 0 0 0 0 0 0 0 0 0 0 0 0 86 0 0 0 0 0 0 86 0 0 0 0 0 0 0 0 0 0 0 86 0 0 0 0 0 0 0 0 0 86 0 0 0 0 0 86 0 0 0 0 0 0 0 86 0 0 0 0 0 86 0 0 0 0 0 0 0 0 0 0 0 0 0 0 0 0 0 0 0 0 0 0 0 0 0 0 0 0 0 0 0 0 0 0 0 0 0 0 0 0 86 0 0 0 0 86 0 0 0 0 0 0 0 0 0 86 0 0 0 0 86 0 86 0 0 0 0 0 0 0 0 0 0 86 0 0 0 0 0 0 0 0 86 0 0 0 0 86 0 0 0 0 0 0 0 0 86 0 0 0 86 0 0 0 0 0 86 0 0 0 0 86 0 0 0 0 0 0 0 86 0 0 0 0 0 0 0 0 0 0 86 0 0 86 0 0 0 0 0 0 0 0 0 0 86 0 0 0 0 0 0 0 0 0 0 0 0 0 0 0 0 0 0 0 86 0 0 0 0 86 0 86 0 0 0 0 86 0 86 0 0 0 0 0 0 0 0 0 0 86 0 0 0 0 0 0 0 0 0 0 0 0 0 0 0 0 0 0 0 0 0 0 0 0 0 0 0 0 86 0 0 0 0 0 86 0 0 0 86 0 0 0 0 86 0 86 0 0 0 0 0 0 0 0 0 0 86 0 86 0 0 0 0 86 0 86 0 0 0 0 0 0 0 0 0 0 86 0 0 86 0 0 0 0 86 0 0 0 0 86 0 0 0 0 0 0 0 0 0 0 86 0 0 0 0 0 0 0 0 0 86 0 0 0 0 86 0 0 0 0 0 0 86 0 0 0 0 86 0 0 0 0 0 0 0 0 0 86 0 0 0 0 86 0 0 0 0 86 0 0 0 0 86 0 86 0 0 0 0 0 0 0 0 0 0 86 0 0 86 0 0 0 0 86 0 0 0 86 0 0 0 0 86 0 0 0 86 0 0 0 0 86 0 0 86 0 0 0 0 86 0 0 86 0 0 0 0 86 0 0 86 0 86 
32:src/marketModules/marketNotices.lua
0 0 0 0 0 0 0 86 0 0 0 0 0 86 0 0 0 0 86 0 0 0 0 0 86 0 0 0 0 86 0 86 
20:src/marketModules/marketValidation.lua
86 86 0 0 0 0 86 0 0 86 0 0 0 0 86 0 0 86 0 86 
287:src/marketModules/semiFungibleTokens.lua
0 0 0 0 0 0 0 0 0 0 0 0 0 0 0 0 0 0 0 0 0 0 0 0 0 87 87 87 87 87 0 0 0 0 0 0 0 0 0 0 0 0 0 0 0 0 0 0 87 171 171 171 171 171 171 171 0 342 0 53 38 15 15 0 0 0 171 0 171 87 0 0 0 0 0 0 0 87 0 0 0 0 0 0 0 0 0 0 87 0 0 0 0 0 0 0 87 27 0 62 0 47 47 47 47 40 0 0 15 87 0 0 0 0 0 0 0 87 0 0 0 0 0 0 0 0 0 87 0 0 0 0 0 0 0 87 0 0 0 0 0 0 0 0 0 0 0 0 0 0 0 0 87 0 0 0 0 0 0 0 0 0 87 0 0 0 0 0 0 0 0 0 0 0 0 0 0 0 0 0 87 0 0 0 0 0 0 0 0 0 87 0 0 0 0 0 0 0 0 0 0 0 0 0 0 0 0 0 0 0 0 0 0 0 0 0 87 0 0 0 0 0 0 87 0 0 0 0 0 0 0 0 0 0 0 0 87 0 0 0 0 0 87 11 11 0 33 22 22 22 22 0 0 0 0 11 87 0 0 0 0 87 0 0 0 0 0 0 87 0 0 0 0 87 0 0 0 0 0 0 0 0 0 0 87 0 87 
184:src/marketModules/semiFungibleTokensNotices.lua
0 0 0 0 0 0 0 0 87 0 87 0 0 0 0 0 0 0 87 0 0 0 0 0 0 0 87 0 0 0 0 0 0 0 87 29 15 15 15 14 14 0 87 0 0 0 0 0 0 0 87 0 0 0 0 0 0 0 0 0 0 0 0 0 0 0 0 0 87 0 0 0 0 0 0 0 0 87 0 0 0 0 0 0 0 0 0 0 0 0 0 0 0 0 0 0 87 0 0 0 0 0 0 0 0 87 0 0 0 0 0 0 0 0 0 0 0 0 0 0 0 0 0 0 0 0 0 0 0 0 0 0 87 0 0 0 0 0 0 0 0 87 0 0 0 0 0 0 0 0 0 0 0 0 0 0 0 0 0 0 0 0 0 0 0 0 0 0 87 0 0 0 0 0 87 0 0 0 0 0 0 87 0 87 
80:src/marketModules/semiFungibleTokensValidation.lua
0 0 0 0 0 0 0 86 86 86 0 0 0 0 86 0 0 0 86 0 0 0 0 86 0 0 0 0 0 0 0 0 0 0 0 86 0 0 0 0 86 0 86 0 0 0 0 86 0 86 0 0 0 0 86 0 0 0 0 0 0 0 0 0 0 86 0 0 0 0 86 0 0 0 0 0 0 86 0 86 
91:src/marketModules/sharedUtils.lua
0 0 0 0 0 0 0 110 0 0 0 0 0 0 5 0 5 0 0 0 5 4 0 0 1 0 0 1 110 0 0 0 0 110 0 0 0 0 0 0 0 0 0 0 0 0 0 0 0 0 0 0 0 0 110 0 0 0 0 110 3 0 3 0 3 3 0 6 5 5 1 0 1 1 110 0 0 0 0 110 0 110 0 0 0 0 110 0 110 0 110 
49:src/marketModules/sharedValidation.lua
0 0 0 0 0 0 0 109 109 109 0 0 0 0 109 0 0 109 0 0 0 0 0 109 78 61 155 0 0 0 0 109 171 122 82 82 191 0 0 0 0 109 0 0 0 0 109 0 109 
167:src/marketModules/token.lua
0 0 0 0 0 0 0 0 0 0 0 0 0 0 0 0 0 0 0 0 0 0 0 0 0 0 0 0 0 0 0 86 86 86 86 86 0 0 0 0 0 0 0 0 0 0 0 0 0 0 0 0 0 0 86 171 171 171 171 171 171 171 0 342 0 26 14 12 12 0 0 0 171 0 171 86 0 0 0 0 0 0 86 14 14 0 12 12 12 0 12 86 0 0 0 0 0 0 86 0 0 0 0 0 0 0 0 86 0 0 0 0 0 0 0 0 86 0 0 0 0 0 0 0 0 0 0 0 0 0 0 0 0 0 0 0 0 0 0 0 0 0 0 0 0 0 0 0 0 0 0 0 0 0 0 0 0 0 0 0 0 0 0 0 86 0 86 
58:src/marketModules/tokenNotices.lua
0 0 0 0 0 0 0 0 86 0 0 0 0 0 0 86 24 12 12 12 12 0 86 0 0 0 0 0 86 0 0 0 0 0 86 0 0 0 0 0 0 0 86 0 86 0 0 0 0 86 0 0 0 0 0 86 0 86 
18:src/marketModules/tokenValidation.lua
0 0 0 0 0 0 0 86 86 0 0 0 86 0 0 86 0 86 
